ipsium||Wednesday 24th of August 2022 09:35:34 AM
connected
0 posts
consequuntur ||Wednesday 24th of August 2022 09:51:31 AM
connected
laudanti||Wednesday 24th of August 2022 10:09:55 AM
connected
laudanti||Wednesday 24th of August 2022 10:10:46 AM
connected
laudanti||Wednesday 24th of August 2022 10:14:57 AM
connected
laudanti||Wednesday 24th of August 2022 10:19:52 AM
connected
laudanti||Wednesday 24th of August 2022 10:25:52 AM
connected
laudanti||Wednesday 24th of August 2022 10:26:14 AM
connected
laudantium||Wednesday 24th of August 2022 10:31:41 AM
connected
laudantium||Wednesday 24th of August 2022 10:31:59 AM
connected
sal||Wednesday 24th of August 2022 10:32:11 AM
connected
0 posts
ip||Wednesday 24th of August 2022 10:37:55 AM
connected
ip||Wednesday 24th of August 2022 10:42:02 AM
connected
ip||Wednesday 24th of August 2022 10:42:45 AM
connected
ip||Wednesday 24th of August 2022 10:44:32 AM
connected
ip||Wednesday 24th of August 2022 10:45:11 AM
connected
ip||Wednesday 24th of August 2022 10:45:41 AM
connected
ip||Wednesday 24th of August 2022 10:46:16 AM
connected
ip||Wednesday 24th of August 2022 10:49:03 AM
connected
ip||Wednesday 24th of August 2022 10:51:20 AM
connected
laudanti||Wednesday 24th of August 2022 10:52:08 AM
connected
laudanti||Wednesday 24th of August 2022 10:53:41 AM
connected
laudanti||Wednesday 24th of August 2022 10:54:20 AM
connected
laudanti||Wednesday 24th of August 2022 10:55:52 AM
connected
laudanti||Wednesday 24th of August 2022 11:28:45 AM
connected
po||Wednesday 24th of August 2022 11:29:43 AM
connected
esse||Wednesday 24th of August 2022 11:29:56 AM
connected
esse||Wednesday 24th of August 2022 11:31:39 AM
connected
laudanti||Wednesday 24th of August 2022 11:35:00 AM
connected
as||Wednesday 24th of August 2022 11:36:04 AM
connected
laudanti||Wednesday 24th of August 2022 11:40:00 AM
connected
laudanti||Wednesday 24th of August 2022 11:41:27 AM
connected
laudanti||Wednesday 24th of August 2022 11:42:51 AM
connected
laudanti||Wednesday 24th of August 2022 11:48:40 AM
connected
laudanti||Wednesday 24th of August 2022 04:58:31 PM
connected
impedit||Wednesday 24th of August 2022 04:58:49 PM
connected
a||Wednesday 24th of August 2022 04:59:07 PM
connected
laudanti||Wednesday 24th of August 2022 05:00:06 PM
connected
a||Wednesday 24th of August 2022 05:00:10 PM
connected
magnam ||Wednesday 24th of August 2022 05:03:49 PM
connected
provident ||Wednesday 24th of August 2022 05:04:15 PM
connected
laudanti||Wednesday 24th of August 2022 05:16:06 PM
connected
laudanti||Wednesday 24th of August 2022 05:17:33 PM
connected
a||Wednesday 24th of August 2022 05:17:41 PM
connected
laudanti||Wednesday 24th of August 2022 05:19:41 PM
connected
quo||Wednesday 24th of August 2022 05:20:58 PM
connected
    ||Wednesday 24th of August 2022 05:21:04 PM
connected
0 posts
laudanti||Wednesday 24th of August 2022 05:21:35 PM
connected
